<?xml version="1.0" encoding="UTF-8"?>
<!-- Generated by org.testng.reporters.JUnitXMLReporter -->
<testsuite ignored="4" hostname="LTIN518716" failures="0" tests="12" name="Test" time="69.136" errors="0" timestamp="2024-03-09T00:36:02 IST">
  <testcase classname="testCases.TC_001_CarWashingSrvcsDetails" name="checkLocation" time="8.597"/>
  <testcase classname="testCases.TC_001_CarWashingSrvcsDetails" name="searchCarWashingSrvcs" time="8.449"/>
  <testcase classname="testCases.TC_001_CarWashingSrvcsDetails" name="applyFilters" time="2.693"/>
  <testcase classname="testCases.TC_001_CarWashingSrvcsDetails" name="clickContactButton" time="14.403"/>
  <testcase classname="testCases.TC_001_CarWashingSrvcsDetails" name="printCarWashingSrvcsDetails" time="3.54"/>
  <testcase classname="testCases.TC_002_LauchFreeListing" name="launchFreeListing" time="3.621"/>
  <testcase classname="testCases.TC_002_LauchFreeListing" name="clickStartNowBtn" time="2.145"/>
  <testcase classname="testCases.TC_002_LauchFreeListing" name="printInvalidMessage" time="2.061"/>
  <testcase classname="testCases.TC_002_LauchFreeListing" name="navigateBack" time="1.61"/>
  <testcase classname="testCases.TC_003_GymsSubList" name="clickGymSection" time="0.794"/>
  <testcase classname="testCases.TC_003_GymsSubList" name="printGymSubList" time="2.839"/>
  <testcase classname="testCases.TC_003_GymsSubList" name="printSubMenuList" time="1.998"/>
  <testcase classname="testBase.BaseClass" name="@AfterTest tearDown" time="0.0">
    <ignored/>
  </testcase> <!-- @AfterTest tearDown -->
  <testcase classname="testBase.BaseClass" name="@BeforeTest setup" time="0.0">
    <ignored/>
  </testcase> <!-- @BeforeTest setup -->
  <testcase classname="testBase.BaseClass" name="@BeforeTest setup" time="0.0">
    <ignored/>
  </testcase> <!-- @BeforeTest setup -->
  <testcase classname="testBase.BaseClass" name="@AfterTest tearDown" time="0.0">
    <ignored/>
  </testcase> <!-- @AfterTest tearDown -->
</testsuite> <!-- Test -->
