<?xml version="1.0" encoding="UTF-8"?>
<!-- Generated by org.testng.reporters.JUnitXMLReporter -->
<testsuite ignored="4" hostname="LTIN518716" failures="0" tests="12" name="Test" time="65.434" errors="0" timestamp="2024-03-06T00:17:06 IST">
  <testcase classname="testCases.TC_001_CarWashingSrvcsDetails" name="checkLocation" time="8.368"/>
  <testcase classname="testCases.TC_001_CarWashingSrvcsDetails" name="searchCarWashingSrvcs" time="7.355"/>
  <testcase classname="testCases.TC_001_CarWashingSrvcsDetails" name="applyFilters" time="2.372"/>
  <testcase classname="testCases.TC_001_CarWashingSrvcsDetails" name="clickContactButton" time="23.568"/>
  <testcase classname="testCases.TC_001_CarWashingSrvcsDetails" name="printCarWashingSrvcsDetails" time="2.677"/>
  <testcase classname="testCases.TC_002_LauchFreeListing" name="launchFreeListing" time="2.976"/>
  <testcase classname="testCases.TC_002_LauchFreeListing" name="clickStartNowBtn" time="2.047"/>
  <testcase classname="testCases.TC_002_LauchFreeListing" name="printInvalidMessage" time="2.02"/>
  <testcase classname="testCases.TC_002_LauchFreeListing" name="navigateBack" time="1.107"/>
  <testcase classname="testCases.TC_003_GymsSubList" name="clickGymSection" time="0.095"/>
  <testcase classname="testCases.TC_003_GymsSubList" name="printGymSubList" time="2.622"/>
  <testcase classname="testCases.TC_003_GymsSubList" name="printSubMenuList" time="0.866"/>
  <testcase classname="testBase.BaseClass" name="@AfterTest tearDown" time="0.0">
    <ignored/>
  </testcase> <!-- @AfterTest tearDown -->
  <testcase classname="testBase.BaseClass" name="@BeforeTest setup" time="0.0">
    <ignored/>
  </testcase> <!-- @BeforeTest setup -->
  <testcase classname="testBase.BaseClass" name="@BeforeTest setup" time="0.0">
    <ignored/>
  </testcase> <!-- @BeforeTest setup -->
  <testcase classname="testBase.BaseClass" name="@AfterTest tearDown" time="0.0">
    <ignored/>
  </testcase> <!-- @AfterTest tearDown -->
</testsuite> <!-- Test -->
