<?xml version="1.0" encoding="UTF-8"?>
<testng-results ignored="0" total="12" passed="12" failed="0" skipped="0">
  <reporter-output>
  </reporter-output>
  <suite started-at="2024-03-10T21:04:14 IST" name="Suite" finished-at="2024-03-10T21:05:37 IST" duration-ms="83042">
    <groups>
      <group name="regression">
        <method signature="TC_001_CarWashingSrvcsDetails.checkLocation()[pri:1, instance:testCases.TC_001_CarWashingSrvcsDetails@661972b0]" name="checkLocation" class="testCases.TC_001_CarWashingSrvcsDetails"/>
        <method signature="TC_003_GymsSubList.printGymSubList()[pri:2, instance:testCases.TC_003_GymsSubList@359f7cdf]" name="printGymSubList" class="testCases.TC_003_GymsSubList"/>
        <method signature="TC_002_LauchFreeListing.printInvalidMessage()[pri:3, instance:testCases.TC_002_LauchFreeListing@4f18837a]" name="printInvalidMessage" class="testCases.TC_002_LauchFreeListing"/>
        <method signature="TC_003_GymsSubList.printSubMenuList()[pri:3, instance:testCases.TC_003_GymsSubList@359f7cdf]" name="printSubMenuList" class="testCases.TC_003_GymsSubList"/>
        <method signature="TC_002_LauchFreeListing.navigateBack()[pri:4, instance:testCases.TC_002_LauchFreeListing@4f18837a]" name="navigateBack" class="testCases.TC_002_LauchFreeListing"/>
        <method signature="TC_001_CarWashingSrvcsDetails.printCarWashingSrvcsDetails()[pri:5, instance:testCases.TC_001_CarWashingSrvcsDetails@661972b0]" name="printCarWashingSrvcsDetails" class="testCases.TC_001_CarWashingSrvcsDetails"/>
      </group> <!-- regression -->
      <group name="sanity">
        <method signature="TC_001_CarWashingSrvcsDetails.checkLocation()[pri:1, instance:testCases.TC_001_CarWashingSrvcsDetails@661972b0]" name="checkLocation" class="testCases.TC_001_CarWashingSrvcsDetails"/>
        <method signature="TC_002_LauchFreeListing.launchFreeListing()[pri:1, instance:testCases.TC_002_LauchFreeListing@4f18837a]" name="launchFreeListing" class="testCases.TC_002_LauchFreeListing"/>
        <method signature="TC_003_GymsSubList.clickGymSection()[pri:1, instance:testCases.TC_003_GymsSubList@359f7cdf]" name="clickGymSection" class="testCases.TC_003_GymsSubList"/>
        <method signature="TC_001_CarWashingSrvcsDetails.searchCarWashingSrvcs()[pri:2, instance:testCases.TC_001_CarWashingSrvcsDetails@661972b0]" name="searchCarWashingSrvcs" class="testCases.TC_001_CarWashingSrvcsDetails"/>
        <method signature="TC_002_LauchFreeListing.clickStartNowBtn()[pri:2, instance:testCases.TC_002_LauchFreeListing@4f18837a]" name="clickStartNowBtn" class="testCases.TC_002_LauchFreeListing"/>
        <method signature="TC_001_CarWashingSrvcsDetails.applyFilters()[pri:3, instance:testCases.TC_001_CarWashingSrvcsDetails@661972b0]" name="applyFilters" class="testCases.TC_001_CarWashingSrvcsDetails"/>
        <method signature="TC_001_CarWashingSrvcsDetails.clickContactButton()[pri:4, instance:testCases.TC_001_CarWashingSrvcsDetails@661972b0]" name="clickContactButton" class="testCases.TC_001_CarWashingSrvcsDetails"/>
      </group> <!-- sanity -->
      <group name="master">
        <method signature="TC_001_CarWashingSrvcsDetails.checkLocation()[pri:1, instance:testCases.TC_001_CarWashingSrvcsDetails@661972b0]" name="checkLocation" class="testCases.TC_001_CarWashingSrvcsDetails"/>
        <method signature="TC_002_LauchFreeListing.launchFreeListing()[pri:1, instance:testCases.TC_002_LauchFreeListing@4f18837a]" name="launchFreeListing" class="testCases.TC_002_LauchFreeListing"/>
        <method signature="TC_003_GymsSubList.clickGymSection()[pri:1, instance:testCases.TC_003_GymsSubList@359f7cdf]" name="clickGymSection" class="testCases.TC_003_GymsSubList"/>
        <method signature="TC_001_CarWashingSrvcsDetails.searchCarWashingSrvcs()[pri:2, instance:testCases.TC_001_CarWashingSrvcsDetails@661972b0]" name="searchCarWashingSrvcs" class="testCases.TC_001_CarWashingSrvcsDetails"/>
        <method signature="TC_002_LauchFreeListing.clickStartNowBtn()[pri:2, instance:testCases.TC_002_LauchFreeListing@4f18837a]" name="clickStartNowBtn" class="testCases.TC_002_LauchFreeListing"/>
        <method signature="TC_003_GymsSubList.printGymSubList()[pri:2, instance:testCases.TC_003_GymsSubList@359f7cdf]" name="printGymSubList" class="testCases.TC_003_GymsSubList"/>
        <method signature="TC_001_CarWashingSrvcsDetails.applyFilters()[pri:3, instance:testCases.TC_001_CarWashingSrvcsDetails@661972b0]" name="applyFilters" class="testCases.TC_001_CarWashingSrvcsDetails"/>
        <method signature="TC_002_LauchFreeListing.printInvalidMessage()[pri:3, instance:testCases.TC_002_LauchFreeListing@4f18837a]" name="printInvalidMessage" class="testCases.TC_002_LauchFreeListing"/>
        <method signature="TC_003_GymsSubList.printSubMenuList()[pri:3, instance:testCases.TC_003_GymsSubList@359f7cdf]" name="printSubMenuList" class="testCases.TC_003_GymsSubList"/>
        <method signature="TC_001_CarWashingSrvcsDetails.clickContactButton()[pri:4, instance:testCases.TC_001_CarWashingSrvcsDetails@661972b0]" name="clickContactButton" class="testCases.TC_001_CarWashingSrvcsDetails"/>
        <method signature="TC_002_LauchFreeListing.navigateBack()[pri:4, instance:testCases.TC_002_LauchFreeListing@4f18837a]" name="navigateBack" class="testCases.TC_002_LauchFreeListing"/>
        <method signature="TC_001_CarWashingSrvcsDetails.printCarWashingSrvcsDetails()[pri:5, instance:testCases.TC_001_CarWashingSrvcsDetails@661972b0]" name="printCarWashingSrvcsDetails" class="testCases.TC_001_CarWashingSrvcsDetails"/>
      </group> <!-- master -->
    </groups>
    <test started-at="2024-03-10T21:04:14 IST" name="Test" finished-at="2024-03-10T21:05:37 IST" duration-ms="83042">
      <class name="testCases.TC_003_GymsSubList">
        <test-method signature="clickGymSection()[pri:1, instance:testCases.TC_003_GymsSubList@359f7cdf]" started-at="2024-03-10T21:05:32 IST" name="clickGymSection" finished-at="2024-03-10T21:05:32 IST" duration-ms="75" status="PASS">
          <reporter-output>
          </reporter-output>
        </test-method> <!-- clickGymSection -->
        <test-method signature="printGymSubList()[pri:2, instance:testCases.TC_003_GymsSubList@359f7cdf]" started-at="2024-03-10T21:05:32 IST" name="printGymSubList" finished-at="2024-03-10T21:05:35 IST" duration-ms="2892" status="PASS">
          <reporter-output>
          </reporter-output>
        </test-method> <!-- printGymSubList -->
        <test-method signature="printSubMenuList()[pri:3, instance:testCases.TC_003_GymsSubList@359f7cdf]" started-at="2024-03-10T21:05:35 IST" name="printSubMenuList" finished-at="2024-03-10T21:05:36 IST" duration-ms="778" status="PASS">
          <reporter-output>
          </reporter-output>
        </test-method> <!-- printSubMenuList -->
      </class> <!-- testCases.TC_003_GymsSubList -->
      <class name="testCases.TC_002_LauchFreeListing">
        <test-method signature="launchFreeListing()[pri:1, instance:testCases.TC_002_LauchFreeListing@4f18837a]" started-at="2024-03-10T21:05:22 IST" name="launchFreeListing" finished-at="2024-03-10T21:05:26 IST" duration-ms="3135" status="PASS">
          <reporter-output>
          </reporter-output>
        </test-method> <!-- launchFreeListing -->
        <test-method signature="clickStartNowBtn()[pri:2, instance:testCases.TC_002_LauchFreeListing@4f18837a]" started-at="2024-03-10T21:05:26 IST" name="clickStartNowBtn" finished-at="2024-03-10T21:05:28 IST" duration-ms="2046" status="PASS">
          <reporter-output>
          </reporter-output>
        </test-method> <!-- clickStartNowBtn -->
        <test-method signature="printInvalidMessage()[pri:3, instance:testCases.TC_002_LauchFreeListing@4f18837a]" started-at="2024-03-10T21:05:28 IST" name="printInvalidMessage" finished-at="2024-03-10T21:05:30 IST" duration-ms="2023" status="PASS">
          <reporter-output>
          </reporter-output>
        </test-method> <!-- printInvalidMessage -->
        <test-method signature="navigateBack()[pri:4, instance:testCases.TC_002_LauchFreeListing@4f18837a]" started-at="2024-03-10T21:05:30 IST" name="navigateBack" finished-at="2024-03-10T21:05:31 IST" duration-ms="1066" status="PASS">
          <reporter-output>
          </reporter-output>
        </test-method> <!-- navigateBack -->
      </class> <!-- testCases.TC_002_LauchFreeListing -->
      <class name="testCases.TC_001_CarWashingSrvcsDetails">
        <test-method is-config="true" signature="setup(java.lang.String,java.lang.String)[pri:0, instance:testCases.TC_001_CarWashingSrvcsDetails@661972b0]" started-at="2024-03-10T21:04:14 IST" name="setup" finished-at="2024-03-10T21:04:46 IST" duration-ms="31864" status="PASS">
          <params>
            <param index="0">
              <value>
                <![CDATA[Windows]]>
              </value>
            </param>
            <param index="1">
              <value>
                <![CDATA[chrome]]>
              </value>
            </param>
          </params>
          <reporter-output>
          </reporter-output>
        </test-method> <!-- setup -->
        <test-method signature="checkLocation()[pri:1, instance:testCases.TC_001_CarWashingSrvcsDetails@661972b0]" started-at="2024-03-10T21:04:46 IST" name="checkLocation" finished-at="2024-03-10T21:04:55 IST" duration-ms="8292" status="PASS">
          <reporter-output>
          </reporter-output>
        </test-method> <!-- checkLocation -->
        <test-method signature="searchCarWashingSrvcs()[pri:2, instance:testCases.TC_001_CarWashingSrvcsDetails@661972b0]" started-at="2024-03-10T21:04:55 IST" name="searchCarWashingSrvcs" finished-at="2024-03-10T21:05:02 IST" duration-ms="7316" status="PASS">
          <reporter-output>
          </reporter-output>
        </test-method> <!-- searchCarWashingSrvcs -->
        <test-method signature="applyFilters()[pri:3, instance:testCases.TC_001_CarWashingSrvcsDetails@661972b0]" started-at="2024-03-10T21:05:02 IST" name="applyFilters" finished-at="2024-03-10T21:05:05 IST" duration-ms="2316" status="PASS">
          <reporter-output>
          </reporter-output>
        </test-method> <!-- applyFilters -->
        <test-method signature="clickContactButton()[pri:4, instance:testCases.TC_001_CarWashingSrvcsDetails@661972b0]" started-at="2024-03-10T21:05:05 IST" name="clickContactButton" finished-at="2024-03-10T21:05:19 IST" duration-ms="14212" status="PASS">
          <reporter-output>
          </reporter-output>
        </test-method> <!-- clickContactButton -->
        <test-method signature="printCarWashingSrvcsDetails()[pri:5, instance:testCases.TC_001_CarWashingSrvcsDetails@661972b0]" started-at="2024-03-10T21:05:19 IST" name="printCarWashingSrvcsDetails" finished-at="2024-03-10T21:05:22 IST" duration-ms="2738" status="PASS">
          <reporter-output>
          </reporter-output>
        </test-method> <!-- printCarWashingSrvcsDetails -->
        <test-method is-config="true" signature="tearDown()[pri:0, instance:testCases.TC_001_CarWashingSrvcsDetails@661972b0]" started-at="2024-03-10T21:05:36 IST" name="tearDown" finished-at="2024-03-10T21:05:37 IST" duration-ms="1163" status="PASS">
          <reporter-output>
          </reporter-output>
        </test-method> <!-- tearDown -->
      </class> <!-- testCases.TC_001_CarWashingSrvcsDetails -->
    </test> <!-- Test -->
  </suite> <!-- Suite -->
</testng-results>
