<?xml version="1.0" encoding="UTF-8"?>
<testng-results ignored="0" total="12" passed="12" failed="0" skipped="0">
  <reporter-output>
  </reporter-output>
  <suite started-at="2024-03-09T00:34:45 IST" name="Suite" finished-at="2024-03-09T00:35:54 IST" duration-ms="69136">
    <groups>
      <group name="regression">
        <method signature="TC_001_CarWashingSrvcsDetails.checkLocation()[pri:1, instance:testCases.TC_001_CarWashingSrvcsDetails@19e4653c]" name="checkLocation" class="testCases.TC_001_CarWashingSrvcsDetails"/>
        <method signature="TC_003_GymsSubList.printGymSubList()[pri:2, instance:testCases.TC_003_GymsSubList@cb0755b]" name="printGymSubList" class="testCases.TC_003_GymsSubList"/>
        <method signature="TC_002_LauchFreeListing.printInvalidMessage()[pri:3, instance:testCases.TC_002_LauchFreeListing@53fb3dab]" name="printInvalidMessage" class="testCases.TC_002_LauchFreeListing"/>
        <method signature="TC_003_GymsSubList.printSubMenuList()[pri:3, instance:testCases.TC_003_GymsSubList@cb0755b]" name="printSubMenuList" class="testCases.TC_003_GymsSubList"/>
        <method signature="TC_002_LauchFreeListing.navigateBack()[pri:4, instance:testCases.TC_002_LauchFreeListing@53fb3dab]" name="navigateBack" class="testCases.TC_002_LauchFreeListing"/>
        <method signature="TC_001_CarWashingSrvcsDetails.printCarWashingSrvcsDetails()[pri:5, instance:testCases.TC_001_CarWashingSrvcsDetails@19e4653c]" name="printCarWashingSrvcsDetails" class="testCases.TC_001_CarWashingSrvcsDetails"/>
      </group> <!-- regression -->
      <group name="sanity">
        <method signature="TC_001_CarWashingSrvcsDetails.checkLocation()[pri:1, instance:testCases.TC_001_CarWashingSrvcsDetails@19e4653c]" name="checkLocation" class="testCases.TC_001_CarWashingSrvcsDetails"/>
        <method signature="TC_002_LauchFreeListing.launchFreeListing()[pri:1, instance:testCases.TC_002_LauchFreeListing@53fb3dab]" name="launchFreeListing" class="testCases.TC_002_LauchFreeListing"/>
        <method signature="TC_003_GymsSubList.clickGymSection()[pri:1, instance:testCases.TC_003_GymsSubList@cb0755b]" name="clickGymSection" class="testCases.TC_003_GymsSubList"/>
        <method signature="TC_001_CarWashingSrvcsDetails.searchCarWashingSrvcs()[pri:2, instance:testCases.TC_001_CarWashingSrvcsDetails@19e4653c]" name="searchCarWashingSrvcs" class="testCases.TC_001_CarWashingSrvcsDetails"/>
        <method signature="TC_002_LauchFreeListing.clickStartNowBtn()[pri:2, instance:testCases.TC_002_LauchFreeListing@53fb3dab]" name="clickStartNowBtn" class="testCases.TC_002_LauchFreeListing"/>
        <method signature="TC_001_CarWashingSrvcsDetails.applyFilters()[pri:3, instance:testCases.TC_001_CarWashingSrvcsDetails@19e4653c]" name="applyFilters" class="testCases.TC_001_CarWashingSrvcsDetails"/>
        <method signature="TC_001_CarWashingSrvcsDetails.clickContactButton()[pri:4, instance:testCases.TC_001_CarWashingSrvcsDetails@19e4653c]" name="clickContactButton" class="testCases.TC_001_CarWashingSrvcsDetails"/>
      </group> <!-- sanity -->
      <group name="master">
        <method signature="TC_001_CarWashingSrvcsDetails.checkLocation()[pri:1, instance:testCases.TC_001_CarWashingSrvcsDetails@19e4653c]" name="checkLocation" class="testCases.TC_001_CarWashingSrvcsDetails"/>
        <method signature="TC_002_LauchFreeListing.launchFreeListing()[pri:1, instance:testCases.TC_002_LauchFreeListing@53fb3dab]" name="launchFreeListing" class="testCases.TC_002_LauchFreeListing"/>
        <method signature="TC_003_GymsSubList.clickGymSection()[pri:1, instance:testCases.TC_003_GymsSubList@cb0755b]" name="clickGymSection" class="testCases.TC_003_GymsSubList"/>
        <method signature="TC_001_CarWashingSrvcsDetails.searchCarWashingSrvcs()[pri:2, instance:testCases.TC_001_CarWashingSrvcsDetails@19e4653c]" name="searchCarWashingSrvcs" class="testCases.TC_001_CarWashingSrvcsDetails"/>
        <method signature="TC_002_LauchFreeListing.clickStartNowBtn()[pri:2, instance:testCases.TC_002_LauchFreeListing@53fb3dab]" name="clickStartNowBtn" class="testCases.TC_002_LauchFreeListing"/>
        <method signature="TC_003_GymsSubList.printGymSubList()[pri:2, instance:testCases.TC_003_GymsSubList@cb0755b]" name="printGymSubList" class="testCases.TC_003_GymsSubList"/>
        <method signature="TC_001_CarWashingSrvcsDetails.applyFilters()[pri:3, instance:testCases.TC_001_CarWashingSrvcsDetails@19e4653c]" name="applyFilters" class="testCases.TC_001_CarWashingSrvcsDetails"/>
        <method signature="TC_002_LauchFreeListing.printInvalidMessage()[pri:3, instance:testCases.TC_002_LauchFreeListing@53fb3dab]" name="printInvalidMessage" class="testCases.TC_002_LauchFreeListing"/>
        <method signature="TC_003_GymsSubList.printSubMenuList()[pri:3, instance:testCases.TC_003_GymsSubList@cb0755b]" name="printSubMenuList" class="testCases.TC_003_GymsSubList"/>
        <method signature="TC_001_CarWashingSrvcsDetails.clickContactButton()[pri:4, instance:testCases.TC_001_CarWashingSrvcsDetails@19e4653c]" name="clickContactButton" class="testCases.TC_001_CarWashingSrvcsDetails"/>
        <method signature="TC_002_LauchFreeListing.navigateBack()[pri:4, instance:testCases.TC_002_LauchFreeListing@53fb3dab]" name="navigateBack" class="testCases.TC_002_LauchFreeListing"/>
        <method signature="TC_001_CarWashingSrvcsDetails.printCarWashingSrvcsDetails()[pri:5, instance:testCases.TC_001_CarWashingSrvcsDetails@19e4653c]" name="printCarWashingSrvcsDetails" class="testCases.TC_001_CarWashingSrvcsDetails"/>
      </group> <!-- master -->
    </groups>
    <test started-at="2024-03-09T00:34:45 IST" name="Test" finished-at="2024-03-09T00:35:54 IST" duration-ms="69136">
      <class name="testCases.TC_003_GymsSubList">
        <test-method signature="clickGymSection()[pri:1, instance:testCases.TC_003_GymsSubList@cb0755b]" started-at="2024-03-09T00:35:46 IST" name="clickGymSection" finished-at="2024-03-09T00:35:46 IST" duration-ms="794" status="PASS">
          <reporter-output>
          </reporter-output>
        </test-method> <!-- clickGymSection -->
        <test-method signature="printGymSubList()[pri:2, instance:testCases.TC_003_GymsSubList@cb0755b]" started-at="2024-03-09T00:35:48 IST" name="printGymSubList" finished-at="2024-03-09T00:35:50 IST" duration-ms="2839" status="PASS">
          <reporter-output>
          </reporter-output>
        </test-method> <!-- printGymSubList -->
        <test-method signature="printSubMenuList()[pri:3, instance:testCases.TC_003_GymsSubList@cb0755b]" started-at="2024-03-09T00:35:51 IST" name="printSubMenuList" finished-at="2024-03-09T00:35:53 IST" duration-ms="1998" status="PASS">
          <reporter-output>
          </reporter-output>
        </test-method> <!-- printSubMenuList -->
      </class> <!-- testCases.TC_003_GymsSubList -->
      <class name="testCases.TC_002_LauchFreeListing">
        <test-method signature="launchFreeListing()[pri:1, instance:testCases.TC_002_LauchFreeListing@53fb3dab]" started-at="2024-03-09T00:35:35 IST" name="launchFreeListing" finished-at="2024-03-09T00:35:38 IST" duration-ms="3621" status="PASS">
          <reporter-output>
          </reporter-output>
        </test-method> <!-- launchFreeListing -->
        <test-method signature="clickStartNowBtn()[pri:2, instance:testCases.TC_002_LauchFreeListing@53fb3dab]" started-at="2024-03-09T00:35:39 IST" name="clickStartNowBtn" finished-at="2024-03-09T00:35:41 IST" duration-ms="2145" status="PASS">
          <reporter-output>
          </reporter-output>
        </test-method> <!-- clickStartNowBtn -->
        <test-method signature="printInvalidMessage()[pri:3, instance:testCases.TC_002_LauchFreeListing@53fb3dab]" started-at="2024-03-09T00:35:41 IST" name="printInvalidMessage" finished-at="2024-03-09T00:35:43 IST" duration-ms="2061" status="PASS">
          <reporter-output>
          </reporter-output>
        </test-method> <!-- printInvalidMessage -->
        <test-method signature="navigateBack()[pri:4, instance:testCases.TC_002_LauchFreeListing@53fb3dab]" started-at="2024-03-09T00:35:43 IST" name="navigateBack" finished-at="2024-03-09T00:35:45 IST" duration-ms="1610" status="PASS">
          <reporter-output>
          </reporter-output>
        </test-method> <!-- navigateBack -->
      </class> <!-- testCases.TC_002_LauchFreeListing -->
      <class name="testCases.TC_001_CarWashingSrvcsDetails">
        <test-method is-config="true" signature="setup(java.lang.String,java.lang.String)[pri:0, instance:testCases.TC_001_CarWashingSrvcsDetails@19e4653c]" started-at="2024-03-09T00:34:46 IST" name="setup" finished-at="2024-03-09T00:34:55 IST" duration-ms="9322" status="PASS">
          <params>
            <param index="0">
              <value>
                <![CDATA[Windows]]>
              </value>
            </param>
            <param index="1">
              <value>
                <![CDATA[chrome]]>
              </value>
            </param>
          </params>
          <reporter-output>
          </reporter-output>
        </test-method> <!-- setup -->
        <test-method signature="checkLocation()[pri:1, instance:testCases.TC_001_CarWashingSrvcsDetails@19e4653c]" started-at="2024-03-09T00:34:55 IST" name="checkLocation" finished-at="2024-03-09T00:35:04 IST" duration-ms="8597" status="PASS">
          <reporter-output>
          </reporter-output>
        </test-method> <!-- checkLocation -->
        <test-method signature="searchCarWashingSrvcs()[pri:2, instance:testCases.TC_001_CarWashingSrvcsDetails@19e4653c]" started-at="2024-03-09T00:35:04 IST" name="searchCarWashingSrvcs" finished-at="2024-03-09T00:35:13 IST" duration-ms="8449" status="PASS">
          <reporter-output>
          </reporter-output>
        </test-method> <!-- searchCarWashingSrvcs -->
        <test-method signature="applyFilters()[pri:3, instance:testCases.TC_001_CarWashingSrvcsDetails@19e4653c]" started-at="2024-03-09T00:35:13 IST" name="applyFilters" finished-at="2024-03-09T00:35:16 IST" duration-ms="2693" status="PASS">
          <reporter-output>
          </reporter-output>
        </test-method> <!-- applyFilters -->
        <test-method signature="clickContactButton()[pri:4, instance:testCases.TC_001_CarWashingSrvcsDetails@19e4653c]" started-at="2024-03-09T00:35:16 IST" name="clickContactButton" finished-at="2024-03-09T00:35:31 IST" duration-ms="14403" status="PASS">
          <reporter-output>
          </reporter-output>
        </test-method> <!-- clickContactButton -->
        <test-method signature="printCarWashingSrvcsDetails()[pri:5, instance:testCases.TC_001_CarWashingSrvcsDetails@19e4653c]" started-at="2024-03-09T00:35:31 IST" name="printCarWashingSrvcsDetails" finished-at="2024-03-09T00:35:34 IST" duration-ms="3540" status="PASS">
          <reporter-output>
          </reporter-output>
        </test-method> <!-- printCarWashingSrvcsDetails -->
        <test-method is-config="true" signature="tearDown()[pri:0, instance:testCases.TC_001_CarWashingSrvcsDetails@19e4653c]" started-at="2024-03-09T00:35:53 IST" name="tearDown" finished-at="2024-03-09T00:35:54 IST" duration-ms="1244" status="PASS">
          <reporter-output>
          </reporter-output>
        </test-method> <!-- tearDown -->
      </class> <!-- testCases.TC_001_CarWashingSrvcsDetails -->
    </test> <!-- Test -->
  </suite> <!-- Suite -->
</testng-results>
